2019-01-15 10:50:58,780 desired_caps.py[line:34] INFO Star APP
2019-01-15 10:52:21,189 desired_caps.py[line:34] INFO Star APP
2019-01-15 10:53:21,027 desired_caps.py[line:34] INFO Star APP
2019-01-15 10:53:39,311 common_fun.py[line:19] INFO No confirm button
2019-01-15 10:53:40,312 common_fun.py[line:24] INFO ========Check Cancel Button========
2019-01-15 10:53:40,684 common_fun.py[line:33] INFO ========Check Skip Button========
2019-01-15 10:53:42,292 baseView.py[line:54] INFO Clear input-box: com.tal.kaoyan:id/login_email_edittext...
2019-01-15 10:53:47,429 baseView.py[line:56] INFO Input: TerryFLY300
2019-01-15 10:53:52,192 baseView.py[line:54] INFO Clear input-box: com.tal.kaoyan:id/login_password_edittext...
2019-01-15 10:53:55,225 baseView.py[line:56] INFO Input: Terry300
2019-01-15 10:53:59,970 baseView.py[line:37] INFO Click element by id: com.tal.kaoyan:id/login_login_btn...
2019-01-15 10:56:15,606 desired_caps.py[line:34] INFO Star APP
2019-01-15 10:56:30,408 common_fun.py[line:19] INFO No confirm button
2019-01-15 10:56:31,410 common_fun.py[line:24] INFO ========Check Cancel Button========
2019-01-15 10:56:31,646 common_fun.py[line:33] INFO ========Check Skip Button========
2019-01-15 10:56:33,740 baseView.py[line:54] INFO Clear input-box: com.tal.kaoyan:id/login_email_edittext...
2019-01-15 10:56:38,946 baseView.py[line:56] INFO Input: tangchao0602
2019-01-15 10:56:43,744 baseView.py[line:54] INFO Clear input-box: com.tal.kaoyan:id/login_password_edittext...
2019-01-15 10:56:47,080 baseView.py[line:56] INFO Input: 187118tang
2019-01-15 10:56:52,345 baseView.py[line:37] INFO Click element by id: com.tal.kaoyan:id/login_login_btn...
2019-01-15 10:59:20,188 desired_caps.py[line:34] INFO Star APP
2019-01-15 10:59:29,962 common_fun.py[line:24] INFO ========Check Cancel Button========
2019-01-15 10:59:31,383 common_fun.py[line:33] INFO ========Check Skip Button========
2019-01-15 10:59:33,219 baseView.py[line:37] INFO Click element by id: login_register_text...
2019-01-15 10:59:37,829 baseView.py[line:54] INFO Clear input-box: activity_register_username_edittext...
2019-01-15 10:59:41,801 baseView.py[line:56] INFO Input: ChaoFLX358
2019-01-15 10:59:46,747 baseView.py[line:54] INFO Clear input-box: activity_register_password_edittext...
2019-01-15 10:59:50,764 baseView.py[line:56] INFO Input: ChaoT609
2019-01-15 10:59:56,152 baseView.py[line:54] INFO Clear input-box: activity_register_email_edittext...
2019-01-15 10:59:57,665 baseView.py[line:56] INFO Input: ChaoT2839@163.com
2019-01-15 11:00:02,719 baseView.py[line:37] INFO Click element by id: activity_register_register_btn...
2019-01-15 11:00:05,480 baseView.py[line:37] INFO Click element by id: activity_perfectinfomation_time...
2019-01-15 11:00:07,955 baseView.py[line:37] INFO Click element by xpath: //android.widget.TextView[@text='2016']...
2019-01-15 11:00:13,240 baseView.py[line:37] INFO Click element by id: perfectinfomation_edit_school_name...
2019-01-15 11:00:37,653 baseView.py[line:37] INFO Click element by id: activity_perfectinfomation_major...
2019-01-15 11:00:54,414 baseView.py[line:37] INFO Click element by id: activity_perfectinfomation_goBtn...
2019-01-15 11:00:56,622 baseView.py[line:37] INFO Click element by id: com.tal.kaoyan:id/date_task_layout...
2019-01-15 11:01:02,075 baseView.py[line:37] INFO Click element by id: com.tal.kaoyan:id/date_task_layout...
2019-01-15 11:01:07,429 baseView.py[line:37] INFO Click element by id: com.tal.kaoyan:id/rlMoreTaskTemplate...
2019-01-15 11:01:25,187 baseView.py[line:37] INFO Click element by id: com.tal.kaoyan:id/activity_date_addtask_timestart_startdate...
2019-01-15 11:01:34,402 baseView.py[line:37] INFO Click element by id: com.tal.kaoyan:id/activity_date_addtask_selectdate_commitbtn...
2019-01-15 11:01:36,624 baseView.py[line:37] INFO Click element by id: com.tal.kaoyan:id/activity_date_addtask_timesend_enddate...
2019-01-15 11:01:41,553 baseView.py[line:37] INFO Click element by id: com.tal.kaoyan:id/activity_date_addtask_selectdate_commitbtn...
2019-01-15 11:01:43,774 baseView.py[line:37] INFO Click element by id: com.tal.kaoyan:id/myapptitle_RightButton_textview...
2019-01-15 11:02:10,247 desired_caps.py[line:34] INFO Star APP
2019-01-15 11:02:19,846 common_fun.py[line:24] INFO ========Check Cancel Button========
2019-01-15 11:02:21,028 common_fun.py[line:33] INFO ========Check Skip Button========
2019-01-15 11:02:22,836 baseView.py[line:37] INFO Click element by id: login_register_text...
2019-01-15 11:02:26,723 baseView.py[line:54] INFO Clear input-box: activity_register_username_edittext...
2019-01-15 11:02:30,603 baseView.py[line:56] INFO Input: ChaoFLX230
2019-01-15 11:02:35,537 baseView.py[line:54] INFO Clear input-box: activity_register_password_edittext...
2019-01-15 11:02:39,203 baseView.py[line:56] INFO Input: ChaoT562
2019-01-15 11:02:44,250 baseView.py[line:54] INFO Clear input-box: activity_register_email_edittext...
2019-01-15 11:02:45,613 baseView.py[line:56] INFO Input: ChaoT1427@163.com
2019-01-15 11:02:50,578 baseView.py[line:37] INFO Click element by id: activity_register_register_btn...
2019-01-15 11:02:53,415 baseView.py[line:37] INFO Click element by id: activity_perfectinfomation_time...
2019-01-15 11:03:23,984 baseView.py[line:23] ERROR Can not find element: activity_perfectinfomation_time
2019-01-15 11:04:09,888 desired_caps.py[line:34] INFO Star APP
2019-01-15 11:04:24,504 common_fun.py[line:19] INFO No confirm button
2019-01-15 11:04:25,505 common_fun.py[line:24] INFO ========Check Cancel Button========
2019-01-15 11:04:25,726 common_fun.py[line:33] INFO ========Check Skip Button========
2019-01-15 11:04:27,102 baseView.py[line:54] INFO Clear input-box: com.tal.kaoyan:id/login_email_edittext...
2019-01-15 11:04:31,956 baseView.py[line:56] INFO Input: tangchao0602
2019-01-15 11:04:36,832 baseView.py[line:54] INFO Clear input-box: com.tal.kaoyan:id/login_password_edittext...
2019-01-15 11:04:40,254 baseView.py[line:56] INFO Input: 187118tang
2019-01-15 11:04:45,018 baseView.py[line:37] INFO Click element by id: com.tal.kaoyan:id/login_login_btn...
2019-01-15 11:05:43,748 desired_caps.py[line:34] INFO Star APP
2019-01-15 11:05:58,449 common_fun.py[line:19] INFO No confirm button
2019-01-15 11:05:59,450 common_fun.py[line:24] INFO ========Check Cancel Button========
2019-01-15 11:06:00,273 common_fun.py[line:33] INFO ========Check Skip Button========
2019-01-15 11:06:01,707 baseView.py[line:54] INFO Clear input-box: com.tal.kaoyan:id/login_email_edittext...
2019-01-15 11:06:07,008 baseView.py[line:56] INFO Input: tangchao0602
2019-01-15 11:06:12,019 baseView.py[line:54] INFO Clear input-box: com.tal.kaoyan:id/login_password_edittext...
2019-01-15 11:06:15,197 baseView.py[line:56] INFO Input: 187118tang
2019-01-15 11:06:20,035 baseView.py[line:37] INFO Click element by id: com.tal.kaoyan:id/login_login_btn...
2019-01-15 11:06:41,173 desired_caps.py[line:34] INFO Star APP
2019-01-15 11:06:50,774 common_fun.py[line:24] INFO ========Check Cancel Button========
2019-01-15 11:06:52,261 common_fun.py[line:33] INFO ========Check Skip Button========
2019-01-15 11:06:53,887 baseView.py[line:37] INFO Click element by id: login_register_text...
2019-01-15 11:06:58,348 baseView.py[line:54] INFO Clear input-box: activity_register_username_edittext...
2019-01-15 11:07:02,245 baseView.py[line:56] INFO Input: ChaoFLX173
2019-01-15 11:07:07,305 baseView.py[line:54] INFO Clear input-box: activity_register_password_edittext...
2019-01-15 11:07:10,867 baseView.py[line:56] INFO Input: ChaoT594
2019-01-15 11:07:15,864 baseView.py[line:54] INFO Clear input-box: activity_register_email_edittext...
2019-01-15 11:07:17,504 baseView.py[line:56] INFO Input: ChaoT3080@163.com
2019-01-15 11:07:22,435 baseView.py[line:37] INFO Click element by id: activity_register_register_btn...
2019-01-15 11:07:25,158 baseView.py[line:37] INFO Click element by id: activity_perfectinfomation_time...
2019-01-15 11:07:27,503 baseView.py[line:37] INFO Click element by xpath: //android.widget.TextView[@text='2016']...
2019-01-15 11:07:32,759 baseView.py[line:37] INFO Click element by id: perfectinfomation_edit_school_name...
2019-01-15 11:07:56,880 baseView.py[line:37] INFO Click element by id: activity_perfectinfomation_major...
2019-01-15 11:08:14,521 baseView.py[line:37] INFO Click element by id: activity_perfectinfomation_goBtn...
2019-01-15 11:08:16,731 baseView.py[line:37] INFO Click element by id: com.tal.kaoyan:id/date_task_layout...
2019-01-15 11:08:22,475 baseView.py[line:37] INFO Click element by id: com.tal.kaoyan:id/date_task_layout...
2019-01-15 11:08:26,226 baseView.py[line:37] INFO Click element by id: com.tal.kaoyan:id/rlMoreTaskTemplate...
2019-01-15 11:08:43,435 baseView.py[line:37] INFO Click element by id: com.tal.kaoyan:id/activity_date_addtask_timestart_startdate...
2019-01-15 11:08:52,881 baseView.py[line:37] INFO Click element by id: com.tal.kaoyan:id/activity_date_addtask_selectdate_commitbtn...
2019-01-15 11:08:55,177 baseView.py[line:37] INFO Click element by id: com.tal.kaoyan:id/activity_date_addtask_timesend_enddate...
2019-01-15 11:09:00,115 baseView.py[line:37] INFO Click element by id: com.tal.kaoyan:id/activity_date_addtask_selectdate_commitbtn...
2019-01-15 11:09:02,407 baseView.py[line:37] INFO Click element by id: com.tal.kaoyan:id/myapptitle_RightButton_textview...
2019-01-15 14:00:47,188 desired_caps.py[line:34] INFO Star APP
2019-01-15 14:04:51,794 desired_caps.py[line:34] INFO Star APP
2019-01-15 14:08:04,129 desired_caps.py[line:34] INFO Star APP
2019-01-15 14:34:33,414 desired_caps.py[line:34] INFO Star APP
2019-01-15 14:37:11,634 desired_caps.py[line:34] INFO Star APP
2019-01-15 15:43:10,456 desired_caps.py[line:34] INFO Star APP
2019-01-15 15:43:28,046 common_fun.py[line:19] INFO No confirm button
2019-01-15 15:43:29,047 common_fun.py[line:24] INFO ========Check Cancel Button========
2019-01-15 15:43:29,283 common_fun.py[line:33] INFO ========Check Skip Button========
2019-01-15 15:43:30,855 baseView.py[line:54] INFO Clear input-box: com.tal.kaoyan:id/login_email_edittext...
2019-01-15 15:43:36,063 baseView.py[line:56] INFO Input: tangchao0602
2019-01-15 15:43:41,323 baseView.py[line:54] INFO Clear input-box: com.tal.kaoyan:id/login_password_edittext...
2019-01-15 15:43:44,393 baseView.py[line:56] INFO Input: 187118tang
2019-01-15 15:43:49,094 baseView.py[line:37] INFO Click element by id: com.tal.kaoyan:id/login_login_btn...
2019-01-15 15:44:16,082 desired_caps.py[line:34] INFO Star APP
2019-01-15 15:44:25,299 common_fun.py[line:24] INFO ========Check Cancel Button========
2019-01-15 15:44:30,331 common_fun.py[line:28] INFO No cancel button
2019-01-15 15:44:30,331 common_fun.py[line:33] INFO ========Check Skip Button========
2019-01-15 15:44:35,707 common_fun.py[line:37] INFO No skip button
2019-01-15 15:44:35,707 baseView.py[line:37] INFO Click element by id: login_register_text...
2019-01-15 15:45:10,646 baseView.py[line:23] ERROR Can not find element: login_register_text
2019-01-15 16:26:20,181 desired_caps.py[line:34] INFO Star APP
2019-01-15 16:26:37,486 common_fun.py[line:19] INFO No confirm button
2019-01-15 16:26:38,486 common_fun.py[line:24] INFO ========Check Cancel Button========
2019-01-15 16:26:38,962 common_fun.py[line:33] INFO ========Check Skip Button========
2019-01-15 16:26:40,227 baseView.py[line:54] INFO Clear input-box: com.tal.kaoyan:id/login_email_edittext...
2019-01-15 16:26:45,064 baseView.py[line:56] INFO Input: tangchao0602
2019-01-15 16:26:49,836 baseView.py[line:54] INFO Clear input-box: com.tal.kaoyan:id/login_password_edittext...
2019-01-15 16:26:52,665 baseView.py[line:56] INFO Input: 187118tang
2019-01-15 16:26:57,454 baseView.py[line:37] INFO Click element by id: com.tal.kaoyan:id/login_login_btn...
2019-01-15 17:03:10,893 desired_caps.py[line:34] INFO Star APP
2019-01-15 17:03:20,058 common_fun.py[line:24] INFO ========Check Cancel Button========
2019-01-15 17:03:21,358 common_fun.py[line:33] INFO ========Check Skip Button========
2019-01-15 17:03:23,192 baseView.py[line:37] INFO Click element by id: login_register_text...
2019-01-15 17:03:26,926 baseView.py[line:54] INFO Clear input-box: activity_register_username_edittext...
2019-01-15 17:03:30,844 baseView.py[line:56] INFO Input: ChaoFLX195
2019-01-15 17:03:36,000 baseView.py[line:54] INFO Clear input-box: activity_register_password_edittext...
2019-01-15 17:03:40,021 baseView.py[line:56] INFO Input: ChaoT636
2019-01-15 17:03:44,914 baseView.py[line:54] INFO Clear input-box: activity_register_email_edittext...
2019-01-15 17:03:46,349 baseView.py[line:56] INFO Input: ChaoT8772@163.com
2019-01-15 17:03:51,254 baseView.py[line:37] INFO Click element by id: activity_register_register_btn...
2019-01-15 17:03:53,957 baseView.py[line:37] INFO Click element by id: activity_perfectinfomation_time...
2019-01-15 17:03:56,362 baseView.py[line:37] INFO Click element by xpath: //android.widget.TextView[@text='2016']...
2019-01-15 17:04:01,798 baseView.py[line:37] INFO Click element by id: perfectinfomation_edit_school_name...
2019-01-15 17:04:19,725 baseView.py[line:37] INFO Click element by id: activity_perfectinfomation_major...
2019-01-15 17:04:35,670 baseView.py[line:37] INFO Click element by id: activity_perfectinfomation_goBtn...
2019-01-15 17:04:37,952 baseView.py[line:37] INFO Click element by id: com.tal.kaoyan:id/date_task_layout...
2019-01-15 17:04:56,423 baseView.py[line:37] INFO Click element by id: com.tal.kaoyan:id/date_task_layout...
2019-01-15 17:04:59,575 baseView.py[line:37] INFO Click element by id: com.tal.kaoyan:id/rlMoreTaskTemplate...
2019-01-15 17:05:10,352 baseView.py[line:37] INFO Click element by id: com.tal.kaoyan:id/activity_date_addtask_timestart_startdate...
2019-01-15 17:05:19,567 baseView.py[line:37] INFO Click element by id: com.tal.kaoyan:id/activity_date_addtask_selectdate_commitbtn...
2019-01-15 17:05:21,795 baseView.py[line:37] INFO Click element by id: com.tal.kaoyan:id/activity_date_addtask_timesend_enddate...
2019-01-15 17:05:26,524 baseView.py[line:37] INFO Click element by id: com.tal.kaoyan:id/activity_date_addtask_selectdate_commitbtn...
2019-01-15 17:05:28,830 baseView.py[line:37] INFO Click element by id: com.tal.kaoyan:id/myapptitle_RightButton_textview...
2019-01-15 18:07:28,262 desired_caps.py[line:34] INFO Star APP
2019-01-15 18:07:38,787 common_fun.py[line:24] INFO ========Check Cancel Button========
2019-01-15 18:07:40,066 common_fun.py[line:33] INFO ========Check Skip Button========
2019-01-15 18:07:41,777 baseView.py[line:37] INFO Click element by id: login_register_text...
2019-01-15 18:07:46,034 baseView.py[line:54] INFO Clear input-box: activity_register_username_edittext...
2019-01-15 18:07:50,371 baseView.py[line:56] INFO Input: ChaoFLX324
2019-01-15 18:07:55,438 baseView.py[line:54] INFO Clear input-box: activity_register_password_edittext...
2019-01-15 18:07:59,404 baseView.py[line:56] INFO Input: ChaoT786
2019-01-15 18:08:04,676 baseView.py[line:54] INFO Clear input-box: activity_register_email_edittext...
2019-01-15 18:08:06,041 baseView.py[line:56] INFO Input: ChaoT8412@163.com
2019-01-15 18:08:11,475 baseView.py[line:37] INFO Click element by id: activity_register_register_btn...
2019-01-15 18:08:14,185 baseView.py[line:37] INFO Click element by id: activity_perfectinfomation_time...
2019-01-15 18:08:16,545 baseView.py[line:37] INFO Click element by xpath: //android.widget.TextView[@text='2016']...
2019-01-15 18:08:21,838 baseView.py[line:37] INFO Click element by id: perfectinfomation_edit_school_name...
2019-01-15 18:08:40,153 baseView.py[line:37] INFO Click element by id: activity_perfectinfomation_major...
2019-01-15 18:08:57,999 baseView.py[line:37] INFO Click element by id: activity_perfectinfomation_goBtn...
2019-01-15 18:09:00,178 baseView.py[line:37] INFO Click element by id: com.tal.kaoyan:id/date_task_layout...
2019-01-15 18:09:06,203 baseView.py[line:37] INFO Click element by id: com.tal.kaoyan:id/date_task_layout...
2019-01-15 18:09:09,520 baseView.py[line:37] INFO Click element by id: com.tal.kaoyan:id/rlMoreTaskTemplate...
2019-01-15 18:09:20,567 baseView.py[line:37] INFO Click element by id: com.tal.kaoyan:id/activity_date_addtask_timestart_startdate...
2019-01-15 18:09:30,345 baseView.py[line:37] INFO Click element by id: com.tal.kaoyan:id/activity_date_addtask_selectdate_commitbtn...
2019-01-15 18:09:32,591 baseView.py[line:37] INFO Click element by id: com.tal.kaoyan:id/activity_date_addtask_timesend_enddate...
2019-01-15 18:09:37,231 baseView.py[line:37] INFO Click element by id: com.tal.kaoyan:id/activity_date_addtask_selectdate_commitbtn...
2019-01-15 18:09:39,480 baseView.py[line:37] INFO Click element by id: com.tal.kaoyan:id/myapptitle_RightButton_textview...
2019-01-16 10:49:11,640 desired_caps.py[line:34] INFO Star APP
2019-01-16 10:49:24,726 common_fun.py[line:24] INFO ========Check Cancel Button========
2019-01-16 10:49:29,903 common_fun.py[line:28] INFO No cancel button
2019-01-16 10:49:29,903 common_fun.py[line:33] INFO ========Check Skip Button========
2019-01-16 10:49:35,350 common_fun.py[line:37] INFO No skip button
2019-01-16 10:49:35,351 baseView.py[line:37] INFO Click element by id: login_register_text...
2019-01-16 10:50:09,723 baseView.py[line:23] ERROR Can not find element: login_register_text
2019-01-16 10:50:49,228 desired_caps.py[line:34] INFO Star APP
2019-01-16 10:51:02,635 common_fun.py[line:24] INFO ========Check Cancel Button========
2019-01-16 10:51:07,812 common_fun.py[line:28] INFO No cancel button
2019-01-16 10:51:07,812 common_fun.py[line:33] INFO ========Check Skip Button========
2019-01-16 10:51:13,260 common_fun.py[line:37] INFO No skip button
2019-01-16 10:51:13,260 baseView.py[line:37] INFO Click element by id: login_register_text...
2019-01-16 10:51:49,137 baseView.py[line:23] ERROR Can not find element: login_register_text
2019-01-16 10:51:58,801 desired_caps.py[line:34] INFO Star APP
2019-01-16 10:52:11,255 common_fun.py[line:24] INFO ========Check Cancel Button========
2019-01-16 10:52:16,589 common_fun.py[line:28] INFO No cancel button
2019-01-16 10:52:16,590 common_fun.py[line:33] INFO ========Check Skip Button========
2019-01-16 10:52:21,912 common_fun.py[line:37] INFO No skip button
2019-01-16 10:52:21,912 baseView.py[line:37] INFO Click element by id: login_register_text...
2019-01-16 10:52:58,716 baseView.py[line:23] ERROR Can not find element: login_register_text
2019-01-16 11:05:59,929 desired_caps.py[line:34] INFO Star APP
2019-01-16 11:18:58,178 desired_caps.py[line:34] INFO Star APP
2019-01-16 11:19:17,605 common_fun.py[line:24] INFO ========Check Cancel Button========
2019-01-16 11:19:20,556 common_fun.py[line:33] INFO ========Check Skip Button========
2019-01-16 11:19:23,137 baseView.py[line:37] INFO Click element by id: login_register_text...
2019-01-16 11:19:26,385 baseView.py[line:54] INFO Clear input-box: activity_register_username_edittext...
2019-01-16 11:19:30,697 baseView.py[line:56] INFO Input: ChaoFLX376
2019-01-16 11:19:35,849 baseView.py[line:54] INFO Clear input-box: activity_register_password_edittext...
2019-01-16 11:19:41,790 baseView.py[line:56] INFO Input: ChaoT562
2019-01-16 11:19:48,060 baseView.py[line:54] INFO Clear input-box: activity_register_email_edittext...
2019-01-16 11:19:49,828 baseView.py[line:56] INFO Input: ChaoT2523@163.com
2019-01-16 11:19:55,132 baseView.py[line:37] INFO Click element by id: activity_register_register_btn...
2019-01-16 11:19:57,893 baseView.py[line:37] INFO Click element by id: activity_perfectinfomation_time...
2019-01-16 11:20:00,778 baseView.py[line:37] INFO Click element by xpath: //android.widget.TextView[@text='2016']...
2019-01-16 11:20:06,121 baseView.py[line:37] INFO Click element by id: perfectinfomation_edit_school_name...
2019-01-16 11:20:24,149 baseView.py[line:37] INFO Click element by id: activity_perfectinfomation_major...
2019-01-16 11:20:41,423 baseView.py[line:37] INFO Click element by id: activity_perfectinfomation_goBtn...
2019-01-16 11:20:43,730 baseView.py[line:37] INFO Click element by id: com.tal.kaoyan:id/date_task_layout...
2019-01-16 11:20:51,096 baseView.py[line:37] INFO Click element by id: com.tal.kaoyan:id/date_task_layout...
2019-01-16 11:20:53,835 baseView.py[line:37] INFO Click element by id: com.tal.kaoyan:id/rlMoreTaskTemplate...
2019-01-16 11:21:04,721 baseView.py[line:37] INFO Click element by id: com.tal.kaoyan:id/activity_date_addtask_timestart_startdate...
2019-01-16 11:21:14,674 baseView.py[line:37] INFO Click element by id: com.tal.kaoyan:id/activity_date_addtask_selectdate_commitbtn...
2019-01-16 11:21:16,942 baseView.py[line:37] INFO Click element by id: com.tal.kaoyan:id/activity_date_addtask_timesend_enddate...
2019-01-16 11:21:21,608 baseView.py[line:37] INFO Click element by id: com.tal.kaoyan:id/activity_date_addtask_selectdate_commitbtn...
2019-01-16 11:21:23,911 baseView.py[line:37] INFO Click element by id: com.tal.kaoyan:id/myapptitle_RightButton_textview...
2019-01-16 11:23:09,600 desired_caps.py[line:34] INFO Star APP
2019-01-16 11:23:21,729 common_fun.py[line:24] INFO ========Check Cancel Button========
2019-01-16 11:23:23,592 common_fun.py[line:33] INFO ========Check Skip Button========
2019-01-16 11:23:25,623 baseView.py[line:37] INFO Click element by id: login_register_text...
2019-01-16 11:23:30,158 baseView.py[line:54] INFO Clear input-box: activity_register_username_edittext...
2019-01-16 11:23:34,305 baseView.py[line:56] INFO Input: ChaoFLX442
2019-01-16 11:23:39,513 baseView.py[line:54] INFO Clear input-box: activity_register_password_edittext...
2019-01-16 11:23:44,596 baseView.py[line:56] INFO Input: ChaoT580
2019-01-16 11:23:50,329 baseView.py[line:54] INFO Clear input-box: activity_register_email_edittext...
2019-01-16 11:23:52,045 baseView.py[line:56] INFO Input: ChaoT4204@163.com
2019-01-16 11:23:57,713 baseView.py[line:37] INFO Click element by id: activity_register_register_btn...
2019-01-16 11:24:00,455 baseView.py[line:37] INFO Click element by id: activity_perfectinfomation_time...
2019-01-16 11:24:02,838 baseView.py[line:37] INFO Click element by xpath: //android.widget.TextView[@text='2016']...
2019-01-16 11:24:08,169 baseView.py[line:37] INFO Click element by id: perfectinfomation_edit_school_name...
2019-01-16 11:24:26,535 baseView.py[line:37] INFO Click element by id: activity_perfectinfomation_major...
2019-01-16 11:24:42,236 baseView.py[line:37] INFO Click element by id: activity_perfectinfomation_goBtn...
2019-01-16 11:24:44,431 baseView.py[line:37] INFO Click element by id: com.tal.kaoyan:id/date_task_layout...
2019-01-16 11:24:50,745 baseView.py[line:37] INFO Click element by id: com.tal.kaoyan:id/date_task_layout...
2019-01-16 11:24:54,469 baseView.py[line:37] INFO Click element by id: com.tal.kaoyan:id/rlMoreTaskTemplate...
2019-01-16 11:25:12,121 baseView.py[line:37] INFO Click element by id: com.tal.kaoyan:id/activity_date_addtask_timestart_startdate...
2019-01-16 11:25:22,031 baseView.py[line:37] INFO Click element by id: com.tal.kaoyan:id/activity_date_addtask_selectdate_commitbtn...
2019-01-16 11:25:24,288 baseView.py[line:37] INFO Click element by id: com.tal.kaoyan:id/activity_date_addtask_timesend_enddate...
2019-01-16 11:25:29,155 baseView.py[line:37] INFO Click element by id: com.tal.kaoyan:id/activity_date_addtask_selectdate_commitbtn...
2019-01-16 11:25:31,408 baseView.py[line:37] INFO Click element by id: com.tal.kaoyan:id/myapptitle_RightButton_textview...
2019-01-16 11:28:22,384 desired_caps.py[line:34] INFO Star APP
2019-01-16 11:28:35,153 common_fun.py[line:24] INFO ========Check Cancel Button========
2019-01-16 11:28:36,423 common_fun.py[line:33] INFO ========Check Skip Button========
2019-01-16 11:28:38,432 baseView.py[line:37] INFO Click element by id: login_register_text...
2019-01-16 11:28:42,339 baseView.py[line:54] INFO Clear input-box: activity_register_username_edittext...
2019-01-16 11:28:46,508 baseView.py[line:56] INFO Input: ChaoFLX360
2019-01-16 11:28:51,550 baseView.py[line:54] INFO Clear input-box: activity_register_password_edittext...
2019-01-16 11:28:56,052 baseView.py[line:56] INFO Input: ChaoT555
2019-01-16 11:29:01,078 baseView.py[line:54] INFO Clear input-box: activity_register_email_edittext...
2019-01-16 11:29:02,792 baseView.py[line:56] INFO Input: ChaoT4520@163.com
2019-01-16 11:29:08,674 baseView.py[line:37] INFO Click element by id: activity_register_register_btn...
2019-01-16 11:29:11,549 baseView.py[line:37] INFO Click element by id: activity_perfectinfomation_time...
2019-01-16 11:29:13,865 baseView.py[line:37] INFO Click element by xpath: //android.widget.TextView[@text='2016']...
2019-01-16 11:29:19,188 baseView.py[line:37] INFO Click element by id: perfectinfomation_edit_school_name...
2019-01-16 11:29:37,469 baseView.py[line:37] INFO Click element by id: activity_perfectinfomation_major...
2019-01-16 11:29:53,824 baseView.py[line:37] INFO Click element by id: activity_perfectinfomation_goBtn...
2019-01-16 11:29:56,010 baseView.py[line:37] INFO Click element by id: com.tal.kaoyan:id/date_task_layout...
2019-01-16 11:30:02,066 baseView.py[line:37] INFO Click element by id: com.tal.kaoyan:id/date_task_layout...
2019-01-16 11:30:04,871 baseView.py[line:37] INFO Click element by id: com.tal.kaoyan:id/rlMoreTaskTemplate...
2019-01-16 11:30:24,180 baseView.py[line:37] INFO Click element by id: com.tal.kaoyan:id/activity_date_addtask_timestart_startdate...
2019-01-16 11:30:33,645 baseView.py[line:37] INFO Click element by id: com.tal.kaoyan:id/activity_date_addtask_selectdate_commitbtn...
2019-01-16 11:30:35,955 baseView.py[line:37] INFO Click element by id: com.tal.kaoyan:id/activity_date_addtask_timesend_enddate...
2019-01-16 11:30:40,871 baseView.py[line:37] INFO Click element by id: com.tal.kaoyan:id/activity_date_addtask_selectdate_commitbtn...
2019-01-16 11:30:43,138 baseView.py[line:37] INFO Click element by id: com.tal.kaoyan:id/myapptitle_RightButton_textview...
2019-01-16 15:54:43,631 desired_caps.py[line:34] INFO Star APP
2019-01-16 15:54:57,692 common_fun.py[line:24] INFO ========Check Cancel Button========
2019-01-16 15:54:59,145 common_fun.py[line:33] INFO ========Check Skip Button========
2019-01-16 15:55:01,001 baseView.py[line:37] INFO Click element by id: login_register_text...
2019-01-16 15:55:06,009 baseView.py[line:54] INFO Clear input-box: activity_register_username_edittext...
2019-01-16 15:55:09,984 baseView.py[line:56] INFO Input: ChaoFLX333
2019-01-16 15:55:14,935 baseView.py[line:54] INFO Clear input-box: activity_register_password_edittext...
2019-01-16 15:55:19,008 baseView.py[line:56] INFO Input: ChaoT717
2019-01-16 15:55:23,753 baseView.py[line:54] INFO Clear input-box: activity_register_email_edittext...
2019-01-16 15:55:25,314 baseView.py[line:56] INFO Input: ChaoT7820@163.com
2019-01-16 15:55:30,406 baseView.py[line:37] INFO Click element by id: activity_register_register_btn...
2019-01-16 15:55:33,240 baseView.py[line:37] INFO Click element by id: activity_perfectinfomation_time...
2019-01-16 15:55:35,562 baseView.py[line:37] INFO Click element by xpath: //android.widget.TextView[@text='2016']...
2019-01-16 15:55:41,031 baseView.py[line:37] INFO Click element by id: perfectinfomation_edit_school_name...
2019-01-16 15:55:59,070 baseView.py[line:37] INFO Click element by id: activity_perfectinfomation_major...
2019-01-16 15:56:15,408 baseView.py[line:37] INFO Click element by id: activity_perfectinfomation_goBtn...
2019-01-16 15:56:17,642 baseView.py[line:37] INFO Click element by id: com.tal.kaoyan:id/date_task_layout...
2019-01-16 15:56:23,407 baseView.py[line:37] INFO Click element by id: com.tal.kaoyan:id/date_task_layout...
2019-01-16 15:56:27,805 baseView.py[line:37] INFO Click element by id: com.tal.kaoyan:id/rlMoreTaskTemplate...
2019-01-16 15:56:41,272 baseView.py[line:37] INFO Click element by id: com.tal.kaoyan:id/activity_date_addtask_timestart_startdate...
2019-01-16 15:56:50,494 baseView.py[line:37] INFO Click element by id: com.tal.kaoyan:id/activity_date_addtask_selectdate_commitbtn...
2019-01-16 15:56:52,707 baseView.py[line:37] INFO Click element by id: com.tal.kaoyan:id/activity_date_addtask_timesend_enddate...
2019-01-16 15:56:57,331 baseView.py[line:37] INFO Click element by id: com.tal.kaoyan:id/activity_date_addtask_selectdate_commitbtn...
2019-01-16 15:56:59,609 baseView.py[line:37] INFO Click element by id: com.tal.kaoyan:id/myapptitle_RightButton_textview...
2019-01-17 13:55:22,713 desired_caps.py[line:34] INFO Star APP
2019-01-17 13:55:42,400 common_fun.py[line:19] INFO No confirm button
2019-01-17 13:55:43,400 common_fun.py[line:24] INFO ========Check Cancel Button========
2019-01-17 13:55:43,676 common_fun.py[line:33] INFO ========Check Skip Button========
2019-01-17 13:55:45,585 baseView.py[line:54] INFO Clear input-box: com.tal.kaoyan:id/login_email_edittext...
2019-01-17 13:55:51,015 baseView.py[line:56] INFO Input: tangchao0602
2019-01-17 13:55:55,816 baseView.py[line:54] INFO Clear input-box: com.tal.kaoyan:id/login_password_edittext...
2019-01-17 13:55:59,166 baseView.py[line:56] INFO Input: 187118tang
2019-01-17 13:56:03,933 baseView.py[line:37] INFO Click element by id: com.tal.kaoyan:id/login_login_btn...
2019-01-17 14:05:54,885 desired_caps.py[line:34] INFO Star APP
2019-01-17 14:06:09,656 common_fun.py[line:19] INFO No confirm button
2019-01-17 14:06:10,656 common_fun.py[line:24] INFO ========Check Cancel Button========
2019-01-17 14:06:10,903 common_fun.py[line:33] INFO ========Check Skip Button========
2019-01-17 14:06:13,054 baseView.py[line:54] INFO Clear input-box: com.tal.kaoyan:id/login_email_edittext...
2019-01-17 14:06:18,434 baseView.py[line:56] INFO Input: tangchao0602
2019-01-17 14:06:23,184 baseView.py[line:54] INFO Clear input-box: com.tal.kaoyan:id/login_password_edittext...
2019-01-17 14:06:26,045 baseView.py[line:56] INFO Input: 187118tang
2019-01-17 14:06:30,799 baseView.py[line:37] INFO Click element by id: com.tal.kaoyan:id/login_login_btn...
2019-01-17 14:59:25,722 desired_caps.py[line:34] INFO Star APP
2019-01-17 14:59:40,442 common_fun.py[line:24] INFO ========Check Cancel Button========
2019-01-17 14:59:41,411 common_fun.py[line:33] INFO ========Check Skip Button========
2019-01-17 14:59:43,485 baseView.py[line:37] INFO Click element by id: login_register_text...
2019-01-17 14:59:48,106 baseView.py[line:54] INFO Clear input-box: activity_register_username_edittext...
2019-01-17 14:59:52,537 baseView.py[line:56] INFO Input: ChaoFLX307
2019-01-17 14:59:57,887 baseView.py[line:54] INFO Clear input-box: activity_register_password_edittext...
2019-01-17 15:00:03,890 baseView.py[line:56] INFO Input: ChaoT575
2019-01-17 15:00:09,024 baseView.py[line:54] INFO Clear input-box: activity_register_email_edittext...
2019-01-17 15:00:11,155 baseView.py[line:56] INFO Input: ChaoT7715@163.com
2019-01-17 15:00:16,498 baseView.py[line:37] INFO Click element by id: activity_register_register_btn...
2019-01-17 15:00:19,261 baseView.py[line:37] INFO Click element by id: activity_perfectinfomation_time...
2019-01-17 15:00:21,628 baseView.py[line:37] INFO Click element by xpath: //android.widget.TextView[@text='2016']...
2019-01-17 15:00:27,398 baseView.py[line:37] INFO Click element by id: perfectinfomation_edit_school_name...
2019-01-17 15:00:45,603 baseView.py[line:37] INFO Click element by id: activity_perfectinfomation_major...
2019-01-17 15:01:03,404 baseView.py[line:37] INFO Click element by id: activity_perfectinfomation_goBtn...
2019-01-17 15:01:05,674 baseView.py[line:37] INFO Click element by id: com.tal.kaoyan:id/date_task_layout...
2019-01-17 15:01:13,027 baseView.py[line:37] INFO Click element by id: com.tal.kaoyan:id/date_task_layout...
2019-01-17 15:01:16,818 baseView.py[line:37] INFO Click element by id: com.tal.kaoyan:id/rlMoreTaskTemplate...
2019-01-17 15:01:35,700 baseView.py[line:37] INFO Click element by id: com.tal.kaoyan:id/activity_date_addtask_timestart_startdate...
2019-01-17 15:01:46,519 baseView.py[line:37] INFO Click element by id: com.tal.kaoyan:id/activity_date_addtask_selectdate_commitbtn...
2019-01-17 15:01:48,761 baseView.py[line:37] INFO Click element by id: com.tal.kaoyan:id/activity_date_addtask_timesend_enddate...
2019-01-17 15:01:54,160 baseView.py[line:37] INFO Click element by id: com.tal.kaoyan:id/activity_date_addtask_selectdate_commitbtn...
2019-01-17 15:01:56,442 baseView.py[line:37] INFO Click element by id: com.tal.kaoyan:id/myapptitle_RightButton_textview...
